<?xml version="1.0" encoding="UTF-8"?>
<testsuite xmlns:xsi="http://www.w3.org/2001/XMLSchema-instance" xsi:schemaLocation="https://maven.apache.org/surefire/maven-surefire-plugin/xsd/surefire-test-report.xsd" name="TestSuite" time="141.52" tests="6" errors="0" skipped="0" failures="2">
  <properties>
[...]
</properties>
  <testcase name="testCarvanaHomeAndUrl" classname="scripts.CarvanaTest" time="4.526"/>
  <testcase name="testCarvanaLogo" classname="scripts.CarvanaTest" time="3.136"/>
  <testcase name="testNavigationItems" classname="scripts.CarvanaTest" time="4.832"/>
  <testcase name="testSignInError" classname="scripts.CarvanaTest" time="11.211">
    <failure message="element click intercepted: Element &lt;button width=&quot;100%&quot; data-cv=&quot;sign-in-submit&quot; type=&quot;submit&quot; disabled=&quot;&quot; data-qa=&quot;button-base&quot; class=&quot;ButtonBase-c01aoz-0 BlueButton-sc-133183u-0 nqLpU&quot;&gt;...&lt;/button&gt; is not clickable at point (720, 391). Other element would receive the click: &lt;form data-qa=&quot;account-modal-forms-wrapper&quot; class=&quot;AccountModalstyles__AccountModalFormsWrapper-sc-94oom3-2 gfZhNE&quot;&gt;...&lt;/form&gt;&#10;  (Session info: chrome=102.0.5005.115)&#10;Build info: version: &apos;3.141.59&apos;, revision: &apos;e82be7d358&apos;, time: &apos;2018-11-14T08:17:03&apos;&#10;System info: host: &apos;Ilkins-MBP.hsd1.il.comcast.net&apos;, ip: &apos;2601:245:4201:f350:0:0:0:ae45%en0&apos;, os.name: &apos;Mac OS X&apos;, os.arch: &apos;x86_64&apos;, os.version: &apos;10.15.7&apos;, java.version: &apos;18.0.1&apos;&#10;Driver info: org.openqa.selenium.chrome.ChromeDriver&#10;Capabilities {acceptInsecureCerts: false, browserName: chrome, browserVersion: 102.0.5005.115, chrome: {chromedriverVersion: 102.0.5005.61 (0e59bcc00cc4..., userDataDir: /var/folders/br/k7_d2_bd441...}, goog:chromeOptions: {debuggerAddress: localhost:62251}, javascriptEnabled: true, networkConnectionEnabled: false, pageLoadStrategy: normal, platform: MAC, platformName: MAC, proxy: Proxy(), setWindowRect: true, strictFileInteractability: false, timeouts: {implicit: 0, pageLoad: 300000, script: 30000}, unhandledPromptBehavior: dismiss and notify, webauthn:extension:credBlob: true, webauthn:extension:largeBlob: true, webauthn:virtualAuthenticators: true}&#10;Session ID: a3bfd66e5e8437be10f27a8912baf4e2" type="org.openqa.selenium.ElementClickInterceptedException"><![CDATA[org.openqa.selenium.ElementClickInterceptedException: 
element click intercepted: Element <button width="100%" data-cv="sign-in-submit" type="submit" disabled="" data-qa="button-base" class="ButtonBase-c01aoz-0 BlueButton-sc-133183u-0 nqLpU">...</button> is not clickable at point (720, 391). Other element would receive the click: <form data-qa="account-modal-forms-wrapper" class="AccountModalstyles__AccountModalFormsWrapper-sc-94oom3-2 gfZhNE">...</form>
  (Session info: chrome=102.0.5005.115)
Build info: version: '3.141.59', revision: 'e82be7d358', time: '2018-11-14T08:17:03'
System info: host: 'Ilkins-MBP.hsd1.il.comcast.net', ip: '2601:245:4201:f350:0:0:0:ae45%en0', os.name: 'Mac OS X', os.arch: 'x86_64', os.version: '10.15.7', java.version: '18.0.1'
Driver info: org.openqa.selenium.chrome.ChromeDriver
Capabilities {acceptInsecureCerts: false, browserName: chrome, browserVersion: 102.0.5005.115, chrome: {chromedriverVersion: 102.0.5005.61 (0e59bcc00cc4..., userDataDir: /var/folders/br/k7_d2_bd441...}, goog:chromeOptions: {debuggerAddress: localhost:62251}, javascriptEnabled: true, networkConnectionEnabled: false, pageLoadStrategy: normal, platform: MAC, platformName: MAC, proxy: Proxy(), setWindowRect: true, strictFileInteractability: false, timeouts: {implicit: 0, pageLoad: 300000, script: 30000}, unhandledPromptBehavior: dismiss and notify, webauthn:extension:credBlob: true, webauthn:extension:largeBlob: true, webauthn:virtualAuthenticators: true}
Session ID: a3bfd66e5e8437be10f27a8912baf4e2
	at scripts.CarvanaTest.testSignInError(CarvanaTest.java:86)
]]></failure>
    <system-err><![CDATA[Starting ChromeDriver 102.0.5005.61 (0e59bcc00cc4985ce39ad31c150065f159d95ad3-refs/branch-heads/5005@{#819}) on port 27284
Only local connections are allowed.
Please see https://chromedriver.chromium.org/security-considerations for suggestions on keeping ChromeDriver safe.
ChromeDriver was started successfully.
Jun 20, 2022 2:03:54 AM org.openqa.selenium.remote.ProtocolHandshake createSession
INFO: Detected dialect: W3C
]]></system-err>
  </testcase>
  <testcase name="testSearchAndSearchFilterButton" classname="scripts.CarvanaTest" time="12.805"/>
  <testcase name="testSearchResultTiles" classname="scripts.CarvanaTest" time="47.913">
    <failure message="Index 0 out of bounds for length 0" type="java.lang.IndexOutOfBoundsException">java.lang.IndexOutOfBoundsException: Index 0 out of bounds for length 0
	at scripts.CarvanaTest.testSearchResultTiles(CarvanaTest.java:168)
</failure>
    <system-err><![CDATA[Starting ChromeDriver 102.0.5005.61 (0e59bcc00cc4985ce39ad31c150065f159d95ad3-refs/branch-heads/5005@{#819}) on port 11224
Only local connections are allowed.
Please see https://chromedriver.chromium.org/security-considerations for suggestions on keeping ChromeDriver safe.
ChromeDriver was started successfully.
Jun 20, 2022 2:04:34 AM org.openqa.selenium.remote.ProtocolHandshake createSession
INFO: Detected dialect: W3C
]]></system-err>
  </testcase>
</testsuite>